<!DOCTYPE html>
<!--
 | Generated by Apache Maven Doxia Site Renderer 1.9.2 from org.apache.maven.plugins:maven-surefire-report-plugin:3.0.0-M5:report at 2021-07-28

 | Rendered using Apache Maven Default Skin
-->
<html xmlns="http://www.w3.org/1999/xhtml" xml:lang="en" lang="en">
  <head>
    <meta charset="UTF-8" />
    <meta name="viewport" content="width=device-width, initial-scale=1.0" />
    <meta name="generator" content="Apache Maven Doxia Site Renderer 1.9.2" />
    <title>JavaLearnables &#x2013; Surefire Report</title>
    <link rel="stylesheet" href="./css/maven-base.css" />
    <link rel="stylesheet" href="./css/maven-theme.css" />
    <link rel="stylesheet" href="./css/site.css" />
    <link rel="stylesheet" href="./css/print.css" media="print" />
  </head>
  <body class="composite">
    <div id="banner">
<div id="bannerLeft">JavaLearnables
</div>
      <div class="clear">
        <hr/>
      </div>
    </div>
    <div id="breadcrumbs">
      <div class="xleft">
        <span id="publishDate">Last Published: 2021-07-28</span>
          &#xA0;| <span id="projectVersion">Version: 1.0-SNAPSHOT</span>
      </div>
      <div class="xright"><a href="${project.url}" title="JavaLearnables">JavaLearnables</a>      </div>
      <div class="clear">
        <hr/>
      </div>
    </div>
    <div id="leftColumn">
      <div id="navcolumn">
       <h5>Project Documentation</h5>
    <ul>
     <li class="collapsed"><a href="project-info.html" title="Project Information">Project Information</a></li>
     <li class="expanded"><a href="project-reports.html" title="Project Reports">Project Reports</a>
      <ul>
       <li class="none"><strong>Surefire Report</strong></li>
      </ul></li>
    </ul>
      <a href="http://maven.apache.org/" title="Built by Maven" class="poweredBy">
        <img class="poweredBy" alt="Built by Maven" src="./images/logos/maven-feather.png" />
      </a>
      </div>
    </div>
    <div id="bodyColumn">
      <div id="contentBox">
<script type="application/javascript">
//<![CDATA[
function toggleDisplay(elementId) {
 var elm = document.getElementById(elementId + '-error');
 if (elm == null) {
  elm = document.getElementById(elementId + '-failure');
 }
 if (elm && typeof elm.style != "undefined") {
  if (elm.style.display == "none") {
   elm.style.display = "";
   document.getElementById(elementId + '-off').style.display = "none";
   document.getElementById(elementId + '-on').style.display = "inline";
  } else if (elm.style.display == "") {   elm.style.display = "none";
   document.getElementById(elementId + '-off').style.display = "inline";
   document.getElementById(elementId + '-on').style.display = "none";
  } 
 } 
 }
//]]>
</script><section>
<h2><a name="Surefire_Report"></a>Surefire Report</h2></section><section>
<h2><a name="Summary"></a>Summary</h2><a name="Summary"></a>
<p>[<a href="#Summary">Summary</a>] [<a href="#Package_List">Package List</a>] [<a href="#Test_Cases">Test Cases</a>]</p><br />
<table border="1" class="bodyTable">
<tr class="a">
<th>Tests</th>
<th>Errors</th>
<th>Failures</th>
<th>Skipped</th>
<th>Success Rate</th>
<th>Time</th></tr>
<tr class="b">
<td>22</td>
<td>0</td>
<td>12</td>
<td>0</td>
<td>45.455%</td>
<td>5.94</td></tr></table><br />
<p>Note: failures are anticipated and checked for with assertions while errors are unanticipated.</p><br /></section><section>
<h2><a name="Package_List"></a>Package List</h2><a name="Package_List"></a>
<p>[<a href="#Summary">Summary</a>] [<a href="#Package_List">Package List</a>] [<a href="#Test_Cases">Test Cases</a>]</p><br />
<table border="1" class="bodyTable">
<tr class="a">
<th>Package</th>
<th>Tests</th>
<th>Errors</th>
<th>Failures</th>
<th>Skipped</th>
<th>Success Rate</th>
<th>Time</th></tr>
<tr class="b">
<td><a href="#com.db.tests">com.db.tests</a></td>
<td>22</td>
<td>0</td>
<td>12</td>
<td>0</td>
<td>45.455%</td>
<td>5.94</td></tr></table><br />
<p>Note: package statistics are not computed recursively, they only sum up all of its testsuites numbers.</p><section>
<h3><a name="com.db.tests"></a>com.db.tests</h3><a name="com.db.tests"></a>
<table border="1" class="bodyTable">
<tr class="a">
<th></th>
<th>Class</th>
<th>Tests</th>
<th>Errors</th>
<th>Failures</th>
<th>Skipped</th>
<th>Success Rate</th>
<th>Time</th></tr>
<tr class="b">
<td><a href="#com.db.tests.AirportAppTest"><figure><img src="images/icon_warning_sml.gif" alt="" /></figure></a></td>
<td><a href="#com.db.tests.AirportAppTest">AirportAppTest</a></td>
<td>21</td>
<td>0</td>
<td>12</td>
<td>0</td>
<td>42.857%</td>
<td>5.94</td></tr>
<tr class="a">
<td><a href="#com.db.tests.ApplicationTest"><figure><img src="images/icon_success_sml.gif" alt="" /></figure></a></td>
<td><a href="#com.db.tests.ApplicationTest">ApplicationTest</a></td>
<td>1</td>
<td>0</td>
<td>0</td>
<td>0</td>
<td>100%</td>
<td>0</td></tr></table></section><br /></section><section>
<h2><a name="Test_Cases"></a>Test Cases</h2><a name="Test_Cases"></a>
<p>[<a href="#Summary">Summary</a>] [<a href="#Package_List">Package List</a>] [<a href="#Test_Cases">Test Cases</a>]</p><section>
<h3><a name="AirportAppTest"></a>AirportAppTest</h3><a name="com.db.tests.AirportAppTest"></a>
<table border="1" class="bodyTable">
<tr class="a">
<td><figure><img src="images/icon_success_sml.gif" alt="" /></figure></td>
<td><a name="TC_com.db.tests.AirportAppTest.testFindAirportRandomly"></a>testFindAirportRandomly</td>
<td>0.627</td></tr>
<tr class="b">
<td><a href="#com.db.tests.AirportAppTest.testCountTotalAirports"><figure><img src="images/icon_error_sml.gif" alt="" /></figure></a></td>
<td><a name="TC_com.db.tests.AirportAppTest.testCountTotalAirports"></a><a href="#com.db.tests.AirportAppTest.testCountTotalAirports">testCountTotalAirports</a>
<div class="detailToggle" style="display:inline"><a href="javascript:toggleDisplay('com.db.tests.AirportAppTest.testCountTotalAirports');"><span style="display:inline;" id="com.db.tests.AirportAppTest.testCountTotalAirports-off"> + </span><span style="display:none;" id="com.db.tests.AirportAppTest.testCountTotalAirports-on"> - </span>[ Detail ]</a></div></td>
<td>0.006</td></tr>
<tr class="a">
<td></td>
<td>Not Yet Implemented </td>
<td></td></tr>
<tr class="b">
<td></td>
<td>
<div id="com.db.tests.AirportAppTest.testCountTotalAirports-failure" style="display:none;">
<div>
<pre>java.lang.AssertionError: Not Yet Implemented 
	at org.junit.Assert.fail(Assert.java:89)
	at com.db.tests.AirportAppTest.testCountTotalAirports(AirportAppTest.java:132)
	at java.base/jdk.internal.reflect.NativeMethodAccessorImpl.invoke0(Native Method)
	at java.base/jdk.internal.reflect.NativeMethodAccessorImpl.invoke(NativeMethodAccessorImpl.java:62)
	at java.base/jdk.internal.reflect.DelegatingMethodAccessorImpl.invoke(DelegatingMethodAccessorImpl.java:43)
	at java.base/java.lang.reflect.Method.invoke(Method.java:566)
	at org.junit.runners.model.FrameworkMethod$1.runReflectiveCall(FrameworkMethod.java:59)
	at org.junit.internal.runners.model.ReflectiveCallable.run(ReflectiveCallable.java:12)
	at org.junit.runners.model.FrameworkMethod.invokeExplosively(FrameworkMethod.java:56)
	at org.junit.internal.runners.statements.InvokeMethod.evaluate(InvokeMethod.java:17)
	at org.junit.runners.ParentRunner$3.evaluate(ParentRunner.java:306)
	at org.junit.runners.BlockJUnit4ClassRunner$1.evaluate(BlockJUnit4ClassRunner.java:100)
	at org.junit.runners.ParentRunner.runLeaf(ParentRunner.java:366)
	at org.junit.runners.BlockJUnit4ClassRunner.runChild(BlockJUnit4ClassRunner.java:103)
	at org.junit.runners.BlockJUnit4ClassRunner.runChild(BlockJUnit4ClassRunner.java:63)
	at org.junit.runners.ParentRunner$4.run(ParentRunner.java:331)
	at org.junit.runners.ParentRunner$1.schedule(ParentRunner.java:79)
	at org.junit.runners.ParentRunner.runChildren(ParentRunner.java:329)
	at org.junit.runners.ParentRunner.access$100(ParentRunner.java:66)
	at org.junit.runners.ParentRunner$2.evaluate(ParentRunner.java:293)
	at org.junit.runners.ParentRunner$3.evaluate(ParentRunner.java:306)
	at org.junit.runners.ParentRunner.run(ParentRunner.java:413)
	at org.apache.maven.surefire.junit4.JUnit4Provider.execute(JUnit4Provider.java:252)
	at org.apache.maven.surefire.junit4.JUnit4Provider.executeTestSet(JUnit4Provider.java:141)
	at org.apache.maven.surefire.junit4.JUnit4Provider.invoke(JUnit4Provider.java:112)
	at java.base/jdk.internal.reflect.NativeMethodAccessorImpl.invoke0(Native Method)
	at java.base/jdk.internal.reflect.NativeMethodAccessorImpl.invoke(NativeMethodAccessorImpl.java:62)
	at java.base/jdk.internal.reflect.DelegatingMethodAccessorImpl.invoke(DelegatingMethodAccessorImpl.java:43)
	at java.base/java.lang.reflect.Method.invoke(Method.java:566)
	at org.apache.maven.surefire.util.ReflectionUtils.invokeMethodWithArray(ReflectionUtils.java:189)
	at org.apache.maven.surefire.booter.ProviderFactory$ProviderProxy.invoke(ProviderFactory.java:165)
	at org.apache.maven.surefire.booter.ProviderFactory.invokeProvider(ProviderFactory.java:85)
	at org.apache.maven.surefire.booter.ForkedBooter.runSuitesInProcess(ForkedBooter.java:115)
	at org.apache.maven.surefire.booter.ForkedBooter.main(ForkedBooter.java:75)</pre></div></div></td>
<td></td></tr>
<tr class="a">
<td><a href="#com.db.tests.AirportAppTest.testFindAirportByLongitudeBadFile"><figure><img src="images/icon_error_sml.gif" alt="" /></figure></a></td>
<td><a name="TC_com.db.tests.AirportAppTest.testFindAirportByLongitudeBadFile"></a><a href="#com.db.tests.AirportAppTest.testFindAirportByLongitudeBadFile">testFindAirportByLongitudeBadFile</a>
<div class="detailToggle" style="display:inline"><a href="javascript:toggleDisplay('com.db.tests.AirportAppTest.testFindAirportByLongitudeBadFile');"><span style="display:inline;" id="com.db.tests.AirportAppTest.testFindAirportByLongitudeBadFile-off"> + </span><span style="display:none;" id="com.db.tests.AirportAppTest.testFindAirportByLongitudeBadFile-on"> - </span>[ Detail ]</a></div></td>
<td>0.245</td></tr>
<tr class="b">
<td></td>
<td>Expected exception: java.lang.NullPointerException</td>
<td></td></tr>
<tr class="a">
<td></td>
<td>
<div id="com.db.tests.AirportAppTest.testFindAirportByLongitudeBadFile-failure" style="display:none;">
<div>
<pre>java.lang.AssertionError: Expected exception: java.lang.NullPointerException
	at org.junit.internal.runners.statements.ExpectException.evaluate(ExpectException.java:34)
	at org.junit.runners.ParentRunner$3.evaluate(ParentRunner.java:306)
	at org.junit.runners.BlockJUnit4ClassRunner$1.evaluate(BlockJUnit4ClassRunner.java:100)
	at org.junit.runners.ParentRunner.runLeaf(ParentRunner.java:366)
	at org.junit.runners.BlockJUnit4ClassRunner.runChild(BlockJUnit4ClassRunner.java:103)
	at org.junit.runners.BlockJUnit4ClassRunner.runChild(BlockJUnit4ClassRunner.java:63)
	at org.junit.runners.ParentRunner$4.run(ParentRunner.java:331)
	at org.junit.runners.ParentRunner$1.schedule(ParentRunner.java:79)
	at org.junit.runners.ParentRunner.runChildren(ParentRunner.java:329)
	at org.junit.runners.ParentRunner.access$100(ParentRunner.java:66)
	at org.junit.runners.ParentRunner$2.evaluate(ParentRunner.java:293)
	at org.junit.runners.ParentRunner$3.evaluate(ParentRunner.java:306)
	at org.junit.runners.ParentRunner.run(ParentRunner.java:413)
	at org.apache.maven.surefire.junit4.JUnit4Provider.execute(JUnit4Provider.java:252)
	at org.apache.maven.surefire.junit4.JUnit4Provider.executeTestSet(JUnit4Provider.java:141)
	at org.apache.maven.surefire.junit4.JUnit4Provider.invoke(JUnit4Provider.java:112)
	at java.base/jdk.internal.reflect.NativeMethodAccessorImpl.invoke0(Native Method)
	at java.base/jdk.internal.reflect.NativeMethodAccessorImpl.invoke(NativeMethodAccessorImpl.java:62)
	at java.base/jdk.internal.reflect.DelegatingMethodAccessorImpl.invoke(DelegatingMethodAccessorImpl.java:43)
	at java.base/java.lang.reflect.Method.invoke(Method.java:566)
	at org.apache.maven.surefire.util.ReflectionUtils.invokeMethodWithArray(ReflectionUtils.java:189)
	at org.apache.maven.surefire.booter.ProviderFactory$ProviderProxy.invoke(ProviderFactory.java:165)
	at org.apache.maven.surefire.booter.ProviderFactory.invokeProvider(ProviderFactory.java:85)
	at org.apache.maven.surefire.booter.ForkedBooter.runSuitesInProcess(ForkedBooter.java:115)
	at org.apache.maven.surefire.booter.ForkedBooter.main(ForkedBooter.java:75)</pre></div></div></td>
<td></td></tr>
<tr class="b">
<td><a href="#com.db.tests.AirportAppTest.testLogin"><figure><img src="images/icon_error_sml.gif" alt="" /></figure></a></td>
<td><a name="TC_com.db.tests.AirportAppTest.testLogin"></a><a href="#com.db.tests.AirportAppTest.testLogin">testLogin</a>
<div class="detailToggle" style="display:inline"><a href="javascript:toggleDisplay('com.db.tests.AirportAppTest.testLogin');"><span style="display:inline;" id="com.db.tests.AirportAppTest.testLogin-off"> + </span><span style="display:none;" id="com.db.tests.AirportAppTest.testLogin-on"> - </span>[ Detail ]</a></div></td>
<td>0.001</td></tr>
<tr class="a">
<td></td>
<td>Not Yet Implemented </td>
<td></td></tr>
<tr class="b">
<td></td>
<td>
<div id="com.db.tests.AirportAppTest.testLogin-failure" style="display:none;">
<div>
<pre>java.lang.AssertionError: Not Yet Implemented 
	at org.junit.Assert.fail(Assert.java:89)
	at com.db.tests.AirportAppTest.testLogin(AirportAppTest.java:137)
	at java.base/jdk.internal.reflect.NativeMethodAccessorImpl.invoke0(Native Method)
	at java.base/jdk.internal.reflect.NativeMethodAccessorImpl.invoke(NativeMethodAccessorImpl.java:62)
	at java.base/jdk.internal.reflect.DelegatingMethodAccessorImpl.invoke(DelegatingMethodAccessorImpl.java:43)
	at java.base/java.lang.reflect.Method.invoke(Method.java:566)
	at org.junit.runners.model.FrameworkMethod$1.runReflectiveCall(FrameworkMethod.java:59)
	at org.junit.internal.runners.model.ReflectiveCallable.run(ReflectiveCallable.java:12)
	at org.junit.runners.model.FrameworkMethod.invokeExplosively(FrameworkMethod.java:56)
	at org.junit.internal.runners.statements.InvokeMethod.evaluate(InvokeMethod.java:17)
	at org.junit.runners.ParentRunner$3.evaluate(ParentRunner.java:306)
	at org.junit.runners.BlockJUnit4ClassRunner$1.evaluate(BlockJUnit4ClassRunner.java:100)
	at org.junit.runners.ParentRunner.runLeaf(ParentRunner.java:366)
	at org.junit.runners.BlockJUnit4ClassRunner.runChild(BlockJUnit4ClassRunner.java:103)
	at org.junit.runners.BlockJUnit4ClassRunner.runChild(BlockJUnit4ClassRunner.java:63)
	at org.junit.runners.ParentRunner$4.run(ParentRunner.java:331)
	at org.junit.runners.ParentRunner$1.schedule(ParentRunner.java:79)
	at org.junit.runners.ParentRunner.runChildren(ParentRunner.java:329)
	at org.junit.runners.ParentRunner.access$100(ParentRunner.java:66)
	at org.junit.runners.ParentRunner$2.evaluate(ParentRunner.java:293)
	at org.junit.runners.ParentRunner$3.evaluate(ParentRunner.java:306)
	at org.junit.runners.ParentRunner.run(ParentRunner.java:413)
	at org.apache.maven.surefire.junit4.JUnit4Provider.execute(JUnit4Provider.java:252)
	at org.apache.maven.surefire.junit4.JUnit4Provider.executeTestSet(JUnit4Provider.java:141)
	at org.apache.maven.surefire.junit4.JUnit4Provider.invoke(JUnit4Provider.java:112)
	at java.base/jdk.internal.reflect.NativeMethodAccessorImpl.invoke0(Native Method)
	at java.base/jdk.internal.reflect.NativeMethodAccessorImpl.invoke(NativeMethodAccessorImpl.java:62)
	at java.base/jdk.internal.reflect.DelegatingMethodAccessorImpl.invoke(DelegatingMethodAccessorImpl.java:43)
	at java.base/java.lang.reflect.Method.invoke(Method.java:566)
	at org.apache.maven.surefire.util.ReflectionUtils.invokeMethodWithArray(ReflectionUtils.java:189)
	at org.apache.maven.surefire.booter.ProviderFactory$ProviderProxy.invoke(ProviderFactory.java:165)
	at org.apache.maven.surefire.booter.ProviderFactory.invokeProvider(ProviderFactory.java:85)
	at org.apache.maven.surefire.booter.ForkedBooter.runSuitesInProcess(ForkedBooter.java:115)
	at org.apache.maven.surefire.booter.ForkedBooter.main(ForkedBooter.java:75)
</pre></div></div></td>
<td></td></tr>
<tr class="a">
<td><a href="#com.db.tests.AirportAppTest.testHelp"><figure><img src="images/icon_error_sml.gif" alt="" /></figure></a></td>
<td><a name="TC_com.db.tests.AirportAppTest.testHelp"></a><a href="#com.db.tests.AirportAppTest.testHelp">testHelp</a>
<div class="detailToggle" style="display:inline"><a href="javascript:toggleDisplay('com.db.tests.AirportAppTest.testHelp');"><span style="display:inline;" id="com.db.tests.AirportAppTest.testHelp-off"> + </span><span style="display:none;" id="com.db.tests.AirportAppTest.testHelp-on"> - </span>[ Detail ]</a></div></td>
<td>0.001</td></tr>
<tr class="b">
<td></td>
<td>Not Yet Implemented </td>
<td></td></tr>
<tr class="a">
<td></td>
<td>
<div id="com.db.tests.AirportAppTest.testHelp-failure" style="display:none;">
<div>
<pre>java.lang.AssertionError: Not Yet Implemented 
	at org.junit.Assert.fail(Assert.java:89)
	at com.db.tests.AirportAppTest.testHelp(AirportAppTest.java:147)
	at java.base/jdk.internal.reflect.NativeMethodAccessorImpl.invoke0(Native Method)
	at java.base/jdk.internal.reflect.NativeMethodAccessorImpl.invoke(NativeMethodAccessorImpl.java:62)
	at java.base/jdk.internal.reflect.DelegatingMethodAccessorImpl.invoke(DelegatingMethodAccessorImpl.java:43)
	at java.base/java.lang.reflect.Method.invoke(Method.java:566)
	at org.junit.runners.model.FrameworkMethod$1.runReflectiveCall(FrameworkMethod.java:59)
	at org.junit.internal.runners.model.ReflectiveCallable.run(ReflectiveCallable.java:12)
	at org.junit.runners.model.FrameworkMethod.invokeExplosively(FrameworkMethod.java:56)
	at org.junit.internal.runners.statements.InvokeMethod.evaluate(InvokeMethod.java:17)
	at org.junit.runners.ParentRunner$3.evaluate(ParentRunner.java:306)
	at org.junit.runners.BlockJUnit4ClassRunner$1.evaluate(BlockJUnit4ClassRunner.java:100)
	at org.junit.runners.ParentRunner.runLeaf(ParentRunner.java:366)
	at org.junit.runners.BlockJUnit4ClassRunner.runChild(BlockJUnit4ClassRunner.java:103)
	at org.junit.runners.BlockJUnit4ClassRunner.runChild(BlockJUnit4ClassRunner.java:63)
	at org.junit.runners.ParentRunner$4.run(ParentRunner.java:331)
	at org.junit.runners.ParentRunner$1.schedule(ParentRunner.java:79)
	at org.junit.runners.ParentRunner.runChildren(ParentRunner.java:329)
	at org.junit.runners.ParentRunner.access$100(ParentRunner.java:66)
	at org.junit.runners.ParentRunner$2.evaluate(ParentRunner.java:293)
	at org.junit.runners.ParentRunner$3.evaluate(ParentRunner.java:306)
	at org.junit.runners.ParentRunner.run(ParentRunner.java:413)
	at org.apache.maven.surefire.junit4.JUnit4Provider.execute(JUnit4Provider.java:252)
	at org.apache.maven.surefire.junit4.JUnit4Provider.executeTestSet(JUnit4Provider.java:141)
	at org.apache.maven.surefire.junit4.JUnit4Provider.invoke(JUnit4Provider.java:112)
	at java.base/jdk.internal.reflect.NativeMethodAccessorImpl.invoke0(Native Method)
	at java.base/jdk.internal.reflect.NativeMethodAccessorImpl.invoke(NativeMethodAccessorImpl.java:62)
	at java.base/jdk.internal.reflect.DelegatingMethodAccessorImpl.invoke(DelegatingMethodAccessorImpl.java:43)
	at java.base/java.lang.reflect.Method.invoke(Method.java:566)
	at org.apache.maven.surefire.util.ReflectionUtils.invokeMethodWithArray(ReflectionUtils.java:189)
	at org.apache.maven.surefire.booter.ProviderFactory$ProviderProxy.invoke(ProviderFactory.java:165)
	at org.apache.maven.surefire.booter.ProviderFactory.invokeProvider(ProviderFactory.java:85)
	at org.apache.maven.surefire.booter.ForkedBooter.runSuitesInProcess(ForkedBooter.java:115)
	at org.apache.maven.surefire.booter.ForkedBooter.main(ForkedBooter.java:75)</pre></div></div></td>
<td></td></tr>
<tr class="b">
<td><figure><img src="images/icon_success_sml.gif" alt="" /></figure></td>
<td><a name="TC_com.db.tests.AirportAppTest.testFindAirportByLongitudeBadArgument1"></a>testFindAirportByLongitudeBadArgument1</td>
<td>0.426</td></tr>
<tr class="a">
<td><figure><img src="images/icon_success_sml.gif" alt="" /></figure></td>
<td><a name="TC_com.db.tests.AirportAppTest.testFindAirportByLatitudeBadArgument1"></a>testFindAirportByLatitudeBadArgument1</td>
<td>0.217</td></tr>
<tr class="b">
<td><figure><img src="images/icon_success_sml.gif" alt="" /></figure></td>
<td><a name="TC_com.db.tests.AirportAppTest.testFindAirportByCode"></a>testFindAirportByCode</td>
<td>0.225</td></tr>
<tr class="a">
<td><figure><img src="images/icon_success_sml.gif" alt="" /></figure></td>
<td><a name="TC_com.db.tests.AirportAppTest.testFindAirportByName"></a>testFindAirportByName</td>
<td>0.278</td></tr>
<tr class="b">
<td><a href="#com.db.tests.AirportAppTest.testFindAirportByCodeBadFile"><figure><img src="images/icon_error_sml.gif" alt="" /></figure></a></td>
<td><a name="TC_com.db.tests.AirportAppTest.testFindAirportByCodeBadFile"></a><a href="#com.db.tests.AirportAppTest.testFindAirportByCodeBadFile">testFindAirportByCodeBadFile</a>
<div class="detailToggle" style="display:inline"><a href="javascript:toggleDisplay('com.db.tests.AirportAppTest.testFindAirportByCodeBadFile');"><span style="display:inline;" id="com.db.tests.AirportAppTest.testFindAirportByCodeBadFile-off"> + </span><span style="display:none;" id="com.db.tests.AirportAppTest.testFindAirportByCodeBadFile-on"> - </span>[ Detail ]</a></div></td>
<td>0.203</td></tr>
<tr class="a">
<td></td>
<td>Expected exception: java.lang.NullPointerException</td>
<td></td></tr>
<tr class="b">
<td></td>
<td>
<div id="com.db.tests.AirportAppTest.testFindAirportByCodeBadFile-failure" style="display:none;">
<div>
<pre>java.lang.AssertionError: Expected exception: java.lang.NullPointerException
	at org.junit.internal.runners.statements.ExpectException.evaluate(ExpectException.java:34)
	at org.junit.runners.ParentRunner$3.evaluate(ParentRunner.java:306)
	at org.junit.runners.BlockJUnit4ClassRunner$1.evaluate(BlockJUnit4ClassRunner.java:100)
	at org.junit.runners.ParentRunner.runLeaf(ParentRunner.java:366)
	at org.junit.runners.BlockJUnit4ClassRunner.runChild(BlockJUnit4ClassRunner.java:103)
	at org.junit.runners.BlockJUnit4ClassRunner.runChild(BlockJUnit4ClassRunner.java:63)
	at org.junit.runners.ParentRunner$4.run(ParentRunner.java:331)
	at org.junit.runners.ParentRunner$1.schedule(ParentRunner.java:79)
	at org.junit.runners.ParentRunner.runChildren(ParentRunner.java:329)
	at org.junit.runners.ParentRunner.access$100(ParentRunner.java:66)
	at org.junit.runners.ParentRunner$2.evaluate(ParentRunner.java:293)
	at org.junit.runners.ParentRunner$3.evaluate(ParentRunner.java:306)
	at org.junit.runners.ParentRunner.run(ParentRunner.java:413)
	at org.apache.maven.surefire.junit4.JUnit4Provider.execute(JUnit4Provider.java:252)
	at org.apache.maven.surefire.junit4.JUnit4Provider.executeTestSet(JUnit4Provider.java:141)
	at org.apache.maven.surefire.junit4.JUnit4Provider.invoke(JUnit4Provider.java:112)
	at java.base/jdk.internal.reflect.NativeMethodAccessorImpl.invoke0(Native Method)
	at java.base/jdk.internal.reflect.NativeMethodAccessorImpl.invoke(NativeMethodAccessorImpl.java:62)
	at java.base/jdk.internal.reflect.DelegatingMethodAccessorImpl.invoke(DelegatingMethodAccessorImpl.java:43)
	at java.base/java.lang.reflect.Method.invoke(Method.java:566)
	at org.apache.maven.surefire.util.ReflectionUtils.invokeMethodWithArray(ReflectionUtils.java:189)
	at org.apache.maven.surefire.booter.ProviderFactory$ProviderProxy.invoke(ProviderFactory.java:165)
	at org.apache.maven.surefire.booter.ProviderFactory.invokeProvider(ProviderFactory.java:85)
	at org.apache.maven.surefire.booter.ForkedBooter.runSuitesInProcess(ForkedBooter.java:115)
	at org.apache.maven.surefire.booter.ForkedBooter.main(ForkedBooter.java:75)</pre></div></div></td>
<td></td></tr>
<tr class="a">
<td><a href="#com.db.tests.AirportAppTest.testFindAirportByLatitudeBadFile"><figure><img src="images/icon_error_sml.gif" alt="" /></figure></a></td>
<td><a name="TC_com.db.tests.AirportAppTest.testFindAirportByLatitudeBadFile"></a><a href="#com.db.tests.AirportAppTest.testFindAirportByLatitudeBadFile">testFindAirportByLatitudeBadFile</a>
<div class="detailToggle" style="display:inline"><a href="javascript:toggleDisplay('com.db.tests.AirportAppTest.testFindAirportByLatitudeBadFile');"><span style="display:inline;" id="com.db.tests.AirportAppTest.testFindAirportByLatitudeBadFile-off"> + </span><span style="display:none;" id="com.db.tests.AirportAppTest.testFindAirportByLatitudeBadFile-on"> - </span>[ Detail ]</a></div></td>
<td>0.261</td></tr>
<tr class="b">
<td></td>
<td>Expected exception: java.lang.NullPointerException</td>
<td></td></tr>
<tr class="a">
<td></td>
<td>
<div id="com.db.tests.AirportAppTest.testFindAirportByLatitudeBadFile-failure" style="display:none;">
<div>
<pre>java.lang.AssertionError: Expected exception: java.lang.NullPointerException
	at org.junit.internal.runners.statements.ExpectException.evaluate(ExpectException.java:34)
	at org.junit.runners.ParentRunner$3.evaluate(ParentRunner.java:306)
	at org.junit.runners.BlockJUnit4ClassRunner$1.evaluate(BlockJUnit4ClassRunner.java:100)
	at org.junit.runners.ParentRunner.runLeaf(ParentRunner.java:366)
	at org.junit.runners.BlockJUnit4ClassRunner.runChild(BlockJUnit4ClassRunner.java:103)
	at org.junit.runners.BlockJUnit4ClassRunner.runChild(BlockJUnit4ClassRunner.java:63)
	at org.junit.runners.ParentRunner$4.run(ParentRunner.java:331)
	at org.junit.runners.ParentRunner$1.schedule(ParentRunner.java:79)
	at org.junit.runners.ParentRunner.runChildren(ParentRunner.java:329)
	at org.junit.runners.ParentRunner.access$100(ParentRunner.java:66)
	at org.junit.runners.ParentRunner$2.evaluate(ParentRunner.java:293)
	at org.junit.runners.ParentRunner$3.evaluate(ParentRunner.java:306)
	at org.junit.runners.ParentRunner.run(ParentRunner.java:413)
	at org.apache.maven.surefire.junit4.JUnit4Provider.execute(JUnit4Provider.java:252)
	at org.apache.maven.surefire.junit4.JUnit4Provider.executeTestSet(JUnit4Provider.java:141)
	at org.apache.maven.surefire.junit4.JUnit4Provider.invoke(JUnit4Provider.java:112)
	at java.base/jdk.internal.reflect.NativeMethodAccessorImpl.invoke0(Native Method)
	at java.base/jdk.internal.reflect.NativeMethodAccessorImpl.invoke(NativeMethodAccessorImpl.java:62)
	at java.base/jdk.internal.reflect.DelegatingMethodAccessorImpl.invoke(DelegatingMethodAccessorImpl.java:43)
	at java.base/java.lang.reflect.Method.invoke(Method.java:566)
	at org.apache.maven.surefire.util.ReflectionUtils.invokeMethodWithArray(ReflectionUtils.java:189)
	at org.apache.maven.surefire.booter.ProviderFactory$ProviderProxy.invoke(ProviderFactory.java:165)
	at org.apache.maven.surefire.booter.ProviderFactory.invokeProvider(ProviderFactory.java:85)
	at org.apache.maven.surefire.booter.ForkedBooter.runSuitesInProcess(ForkedBooter.java:115)
	at org.apache.maven.surefire.booter.ForkedBooter.main(ForkedBooter.java:75)</pre></div></div></td>
<td></td></tr>
<tr class="b">
<td><figure><img src="images/icon_success_sml.gif" alt="" /></figure></td>
<td><a name="TC_com.db.tests.AirportAppTest.testFindAirportNearMe"></a>testFindAirportNearMe</td>
<td>0.373</td></tr>
<tr class="a">
<td><a href="#com.db.tests.AirportAppTest.testFindAirportRandomlyBadArgument1"><figure><img src="images/icon_error_sml.gif" alt="" /></figure></a></td>
<td><a name="TC_com.db.tests.AirportAppTest.testFindAirportRandomlyBadArgument1"></a><a href="#com.db.tests.AirportAppTest.testFindAirportRandomlyBadArgument1">testFindAirportRandomlyBadArgument1</a>
<div class="detailToggle" style="display:inline"><a href="javascript:toggleDisplay('com.db.tests.AirportAppTest.testFindAirportRandomlyBadArgument1');"><span style="display:inline;" id="com.db.tests.AirportAppTest.testFindAirportRandomlyBadArgument1-off"> + </span><span style="display:none;" id="com.db.tests.AirportAppTest.testFindAirportRandomlyBadArgument1-on"> - </span>[ Detail ]</a></div></td>
<td>0.181</td></tr>
<tr class="b">
<td></td>
<td>Expected exception: java.lang.NullPointerException</td>
<td></td></tr>
<tr class="a">
<td></td>
<td>
<div id="com.db.tests.AirportAppTest.testFindAirportRandomlyBadArgument1-failure" style="display:none;">
<div>
<pre>java.lang.AssertionError: Expected exception: java.lang.NullPointerException
	at org.junit.internal.runners.statements.ExpectException.evaluate(ExpectException.java:34)
	at org.junit.runners.ParentRunner$3.evaluate(ParentRunner.java:306)
	at org.junit.runners.BlockJUnit4ClassRunner$1.evaluate(BlockJUnit4ClassRunner.java:100)
	at org.junit.runners.ParentRunner.runLeaf(ParentRunner.java:366)
	at org.junit.runners.BlockJUnit4ClassRunner.runChild(BlockJUnit4ClassRunner.java:103)
	at org.junit.runners.BlockJUnit4ClassRunner.runChild(BlockJUnit4ClassRunner.java:63)
	at org.junit.runners.ParentRunner$4.run(ParentRunner.java:331)
	at org.junit.runners.ParentRunner$1.schedule(ParentRunner.java:79)
	at org.junit.runners.ParentRunner.runChildren(ParentRunner.java:329)
	at org.junit.runners.ParentRunner.access$100(ParentRunner.java:66)
	at org.junit.runners.ParentRunner$2.evaluate(ParentRunner.java:293)
	at org.junit.runners.ParentRunner$3.evaluate(ParentRunner.java:306)
	at org.junit.runners.ParentRunner.run(ParentRunner.java:413)
	at org.apache.maven.surefire.junit4.JUnit4Provider.execute(JUnit4Provider.java:252)
	at org.apache.maven.surefire.junit4.JUnit4Provider.executeTestSet(JUnit4Provider.java:141)
	at org.apache.maven.surefire.junit4.JUnit4Provider.invoke(JUnit4Provider.java:112)
	at java.base/jdk.internal.reflect.NativeMethodAccessorImpl.invoke0(Native Method)
	at java.base/jdk.internal.reflect.NativeMethodAccessorImpl.invoke(NativeMethodAccessorImpl.java:62)
	at java.base/jdk.internal.reflect.DelegatingMethodAccessorImpl.invoke(DelegatingMethodAccessorImpl.java:43)
	at java.base/java.lang.reflect.Method.invoke(Method.java:566)
	at org.apache.maven.surefire.util.ReflectionUtils.invokeMethodWithArray(ReflectionUtils.java:189)
	at org.apache.maven.surefire.booter.ProviderFactory$ProviderProxy.invoke(ProviderFactory.java:165)
	at org.apache.maven.surefire.booter.ProviderFactory.invokeProvider(ProviderFactory.java:85)
	at org.apache.maven.surefire.booter.ForkedBooter.runSuitesInProcess(ForkedBooter.java:115)
	at org.apache.maven.surefire.booter.ForkedBooter.main(ForkedBooter.java:75)
</pre></div></div></td>
<td></td></tr>
<tr class="b">
<td><figure><img src="images/icon_success_sml.gif" alt="" /></figure></td>
<td><a name="TC_com.db.tests.AirportAppTest.testFindAirportByLatitude"></a>testFindAirportByLatitude</td>
<td>0.286</td></tr>
<tr class="a">
<td><a href="#com.db.tests.AirportAppTest.testFindAirportByAddress"><figure><img src="images/icon_error_sml.gif" alt="" /></figure></a></td>
<td><a name="TC_com.db.tests.AirportAppTest.testFindAirportByAddress"></a><a href="#com.db.tests.AirportAppTest.testFindAirportByAddress">testFindAirportByAddress</a>
<div class="detailToggle" style="display:inline"><a href="javascript:toggleDisplay('com.db.tests.AirportAppTest.testFindAirportByAddress');"><span style="display:inline;" id="com.db.tests.AirportAppTest.testFindAirportByAddress-off"> + </span><span style="display:none;" id="com.db.tests.AirportAppTest.testFindAirportByAddress-on"> - </span>[ Detail ]</a></div></td>
<td>0.002</td></tr>
<tr class="b">
<td></td>
<td>Not Yet Implemented </td>
<td></td></tr>
<tr class="a">
<td></td>
<td>
<div id="com.db.tests.AirportAppTest.testFindAirportByAddress-failure" style="display:none;">
<div>
<pre>java.lang.AssertionError: Not Yet Implemented 
	at org.junit.Assert.fail(Assert.java:89)
	at com.db.tests.AirportAppTest.testFindAirportByAddress(AirportAppTest.java:127)
	at java.base/jdk.internal.reflect.NativeMethodAccessorImpl.invoke0(Native Method)
	at java.base/jdk.internal.reflect.NativeMethodAccessorImpl.invoke(NativeMethodAccessorImpl.java:62)
	at java.base/jdk.internal.reflect.DelegatingMethodAccessorImpl.invoke(DelegatingMethodAccessorImpl.java:43)
	at java.base/java.lang.reflect.Method.invoke(Method.java:566)
	at org.junit.runners.model.FrameworkMethod$1.runReflectiveCall(FrameworkMethod.java:59)
	at org.junit.internal.runners.model.ReflectiveCallable.run(ReflectiveCallable.java:12)
	at org.junit.runners.model.FrameworkMethod.invokeExplosively(FrameworkMethod.java:56)
	at org.junit.internal.runners.statements.InvokeMethod.evaluate(InvokeMethod.java:17)
	at org.junit.runners.ParentRunner$3.evaluate(ParentRunner.java:306)
	at org.junit.runners.BlockJUnit4ClassRunner$1.evaluate(BlockJUnit4ClassRunner.java:100)
	at org.junit.runners.ParentRunner.runLeaf(ParentRunner.java:366)
	at org.junit.runners.BlockJUnit4ClassRunner.runChild(BlockJUnit4ClassRunner.java:103)
	at org.junit.runners.BlockJUnit4ClassRunner.runChild(BlockJUnit4ClassRunner.java:63)
	at org.junit.runners.ParentRunner$4.run(ParentRunner.java:331)
	at org.junit.runners.ParentRunner$1.schedule(ParentRunner.java:79)
	at org.junit.runners.ParentRunner.runChildren(ParentRunner.java:329)
	at org.junit.runners.ParentRunner.access$100(ParentRunner.java:66)
	at org.junit.runners.ParentRunner$2.evaluate(ParentRunner.java:293)
	at org.junit.runners.ParentRunner$3.evaluate(ParentRunner.java:306)
	at org.junit.runners.ParentRunner.run(ParentRunner.java:413)
	at org.apache.maven.surefire.junit4.JUnit4Provider.execute(JUnit4Provider.java:252)
	at org.apache.maven.surefire.junit4.JUnit4Provider.executeTestSet(JUnit4Provider.java:141)
	at org.apache.maven.surefire.junit4.JUnit4Provider.invoke(JUnit4Provider.java:112)
	at java.base/jdk.internal.reflect.NativeMethodAccessorImpl.invoke0(Native Method)
	at java.base/jdk.internal.reflect.NativeMethodAccessorImpl.invoke(NativeMethodAccessorImpl.java:62)
	at java.base/jdk.internal.reflect.DelegatingMethodAccessorImpl.invoke(DelegatingMethodAccessorImpl.java:43)
	at java.base/java.lang.reflect.Method.invoke(Method.java:566)
	at org.apache.maven.surefire.util.ReflectionUtils.invokeMethodWithArray(ReflectionUtils.java:189)
	at org.apache.maven.surefire.booter.ProviderFactory$ProviderProxy.invoke(ProviderFactory.java:165)
	at org.apache.maven.surefire.booter.ProviderFactory.invokeProvider(ProviderFactory.java:85)
	at org.apache.maven.surefire.booter.ForkedBooter.runSuitesInProcess(ForkedBooter.java:115)
	at org.apache.maven.surefire.booter.ForkedBooter.main(ForkedBooter.java:75)
</pre></div></div></td>
<td></td></tr>
<tr class="b">
<td><a href="#com.db.tests.AirportAppTest.testFindAirportByNameBadFile"><figure><img src="images/icon_error_sml.gif" alt="" /></figure></a></td>
<td><a name="TC_com.db.tests.AirportAppTest.testFindAirportByNameBadFile"></a><a href="#com.db.tests.AirportAppTest.testFindAirportByNameBadFile">testFindAirportByNameBadFile</a>
<div class="detailToggle" style="display:inline"><a href="javascript:toggleDisplay('com.db.tests.AirportAppTest.testFindAirportByNameBadFile');"><span style="display:inline;" id="com.db.tests.AirportAppTest.testFindAirportByNameBadFile-off"> + </span><span style="display:none;" id="com.db.tests.AirportAppTest.testFindAirportByNameBadFile-on"> - </span>[ Detail ]</a></div></td>
<td>0.422</td></tr>
<tr class="a">
<td></td>
<td>Expected exception: java.lang.NullPointerException</td>
<td></td></tr>
<tr class="b">
<td></td>
<td>
<div id="com.db.tests.AirportAppTest.testFindAirportByNameBadFile-failure" style="display:none;">
<div>
<pre>java.lang.AssertionError: Expected exception: java.lang.NullPointerException
	at org.junit.internal.runners.statements.ExpectException.evaluate(ExpectException.java:34)
	at org.junit.runners.ParentRunner$3.evaluate(ParentRunner.java:306)
	at org.junit.runners.BlockJUnit4ClassRunner$1.evaluate(BlockJUnit4ClassRunner.java:100)
	at org.junit.runners.ParentRunner.runLeaf(ParentRunner.java:366)
	at org.junit.runners.BlockJUnit4ClassRunner.runChild(BlockJUnit4ClassRunner.java:103)
	at org.junit.runners.BlockJUnit4ClassRunner.runChild(BlockJUnit4ClassRunner.java:63)
	at org.junit.runners.ParentRunner$4.run(ParentRunner.java:331)
	at org.junit.runners.ParentRunner$1.schedule(ParentRunner.java:79)
	at org.junit.runners.ParentRunner.runChildren(ParentRunner.java:329)
	at org.junit.runners.ParentRunner.access$100(ParentRunner.java:66)
	at org.junit.runners.ParentRunner$2.evaluate(ParentRunner.java:293)
	at org.junit.runners.ParentRunner$3.evaluate(ParentRunner.java:306)
	at org.junit.runners.ParentRunner.run(ParentRunner.java:413)
	at org.apache.maven.surefire.junit4.JUnit4Provider.execute(JUnit4Provider.java:252)
	at org.apache.maven.surefire.junit4.JUnit4Provider.executeTestSet(JUnit4Provider.java:141)
	at org.apache.maven.surefire.junit4.JUnit4Provider.invoke(JUnit4Provider.java:112)
	at java.base/jdk.internal.reflect.NativeMethodAccessorImpl.invoke0(Native Method)
	at java.base/jdk.internal.reflect.NativeMethodAccessorImpl.invoke(NativeMethodAccessorImpl.java:62)
	at java.base/jdk.internal.reflect.DelegatingMethodAccessorImpl.invoke(DelegatingMethodAccessorImpl.java:43)
	at java.base/java.lang.reflect.Method.invoke(Method.java:566)
	at org.apache.maven.surefire.util.ReflectionUtils.invokeMethodWithArray(ReflectionUtils.java:189)
	at org.apache.maven.surefire.booter.ProviderFactory$ProviderProxy.invoke(ProviderFactory.java:165)
	at org.apache.maven.surefire.booter.ProviderFactory.invokeProvider(ProviderFactory.java:85)
	at org.apache.maven.surefire.booter.ForkedBooter.runSuitesInProcess(ForkedBooter.java:115)
	at org.apache.maven.surefire.booter.ForkedBooter.main(ForkedBooter.java:75)</pre></div></div></td>
<td></td></tr>
<tr class="a">
<td><figure><img src="images/icon_success_sml.gif" alt="" /></figure></td>
<td><a name="TC_com.db.tests.AirportAppTest.testFindAirportByNameBadArgument1"></a>testFindAirportByNameBadArgument1</td>
<td>1.034</td></tr>
<tr class="b">
<td><a href="#com.db.tests.AirportAppTest.testSiteInfo"><figure><img src="images/icon_error_sml.gif" alt="" /></figure></a></td>
<td><a name="TC_com.db.tests.AirportAppTest.testSiteInfo"></a><a href="#com.db.tests.AirportAppTest.testSiteInfo">testSiteInfo</a>
<div class="detailToggle" style="display:inline"><a href="javascript:toggleDisplay('com.db.tests.AirportAppTest.testSiteInfo');"><span style="display:inline;" id="com.db.tests.AirportAppTest.testSiteInfo-off"> + </span><span style="display:none;" id="com.db.tests.AirportAppTest.testSiteInfo-on"> - </span>[ Detail ]</a></div></td>
<td>0.001</td></tr>
<tr class="a">
<td></td>
<td>Not Yet Implemented </td>
<td></td></tr>
<tr class="b">
<td></td>
<td>
<div id="com.db.tests.AirportAppTest.testSiteInfo-failure" style="display:none;">
<div>
<pre>java.lang.AssertionError: Not Yet Implemented 
	at org.junit.Assert.fail(Assert.java:89)
	at com.db.tests.AirportAppTest.testSiteInfo(AirportAppTest.java:152)
	at java.base/jdk.internal.reflect.NativeMethodAccessorImpl.invoke0(Native Method)
	at java.base/jdk.internal.reflect.NativeMethodAccessorImpl.invoke(NativeMethodAccessorImpl.java:62)
	at java.base/jdk.internal.reflect.DelegatingMethodAccessorImpl.invoke(DelegatingMethodAccessorImpl.java:43)
	at java.base/java.lang.reflect.Method.invoke(Method.java:566)
	at org.junit.runners.model.FrameworkMethod$1.runReflectiveCall(FrameworkMethod.java:59)
	at org.junit.internal.runners.model.ReflectiveCallable.run(ReflectiveCallable.java:12)
	at org.junit.runners.model.FrameworkMethod.invokeExplosively(FrameworkMethod.java:56)
	at org.junit.internal.runners.statements.InvokeMethod.evaluate(InvokeMethod.java:17)
	at org.junit.runners.ParentRunner$3.evaluate(ParentRunner.java:306)
	at org.junit.runners.BlockJUnit4ClassRunner$1.evaluate(BlockJUnit4ClassRunner.java:100)
	at org.junit.runners.ParentRunner.runLeaf(ParentRunner.java:366)
	at org.junit.runners.BlockJUnit4ClassRunner.runChild(BlockJUnit4ClassRunner.java:103)
	at org.junit.runners.BlockJUnit4ClassRunner.runChild(BlockJUnit4ClassRunner.java:63)
	at org.junit.runners.ParentRunner$4.run(ParentRunner.java:331)
	at org.junit.runners.ParentRunner$1.schedule(ParentRunner.java:79)
	at org.junit.runners.ParentRunner.runChildren(ParentRunner.java:329)
	at org.junit.runners.ParentRunner.access$100(ParentRunner.java:66)
	at org.junit.runners.ParentRunner$2.evaluate(ParentRunner.java:293)
	at org.junit.runners.ParentRunner$3.evaluate(ParentRunner.java:306)
	at org.junit.runners.ParentRunner.run(ParentRunner.java:413)
	at org.apache.maven.surefire.junit4.JUnit4Provider.execute(JUnit4Provider.java:252)
	at org.apache.maven.surefire.junit4.JUnit4Provider.executeTestSet(JUnit4Provider.java:141)
	at org.apache.maven.surefire.junit4.JUnit4Provider.invoke(JUnit4Provider.java:112)
	at java.base/jdk.internal.reflect.NativeMethodAccessorImpl.invoke0(Native Method)
	at java.base/jdk.internal.reflect.NativeMethodAccessorImpl.invoke(NativeMethodAccessorImpl.java:62)
	at java.base/jdk.internal.reflect.DelegatingMethodAccessorImpl.invoke(DelegatingMethodAccessorImpl.java:43)
	at java.base/java.lang.reflect.Method.invoke(Method.java:566)
	at org.apache.maven.surefire.util.ReflectionUtils.invokeMethodWithArray(ReflectionUtils.java:189)
	at org.apache.maven.surefire.booter.ProviderFactory$ProviderProxy.invoke(ProviderFactory.java:165)
	at org.apache.maven.surefire.booter.ProviderFactory.invokeProvider(ProviderFactory.java:85)
	at org.apache.maven.surefire.booter.ForkedBooter.runSuitesInProcess(ForkedBooter.java:115)
	at org.apache.maven.surefire.booter.ForkedBooter.main(ForkedBooter.java:75)</pre></div></div></td>
<td></td></tr>
<tr class="a">
<td><a href="#com.db.tests.AirportAppTest.testFindAirportByLongitude"><figure><img src="images/icon_error_sml.gif" alt="" /></figure></a></td>
<td><a name="TC_com.db.tests.AirportAppTest.testFindAirportByLongitude"></a><a href="#com.db.tests.AirportAppTest.testFindAirportByLongitude">testFindAirportByLongitude</a>
<div class="detailToggle" style="display:inline"><a href="javascript:toggleDisplay('com.db.tests.AirportAppTest.testFindAirportByLongitude');"><span style="display:inline;" id="com.db.tests.AirportAppTest.testFindAirportByLongitude-off"> + </span><span style="display:none;" id="com.db.tests.AirportAppTest.testFindAirportByLongitude-on"> - </span>[ Detail ]</a></div></td>
<td>0.98</td></tr>
<tr class="b">
<td></td>
<td></td>
<td></td></tr>
<tr class="a">
<td></td>
<td>
<div id="com.db.tests.AirportAppTest.testFindAirportByLongitude-failure" style="display:none;">
<div>
<pre>java.lang.AssertionError
	at org.junit.Assert.fail(Assert.java:87)
	at org.junit.Assert.assertTrue(Assert.java:42)
	at org.junit.Assert.assertFalse(Assert.java:65)
	at org.junit.Assert.assertFalse(Assert.java:75)
	at com.db.tests.AirportAppTest.testFindAirportByLongitude(AirportAppTest.java:83)
	at java.base/jdk.internal.reflect.NativeMethodAccessorImpl.invoke0(Native Method)
	at java.base/jdk.internal.reflect.NativeMethodAccessorImpl.invoke(NativeMethodAccessorImpl.java:62)
	at java.base/jdk.internal.reflect.DelegatingMethodAccessorImpl.invoke(DelegatingMethodAccessorImpl.java:43)
	at java.base/java.lang.reflect.Method.invoke(Method.java:566)
	at org.junit.runners.model.FrameworkMethod$1.runReflectiveCall(FrameworkMethod.java:59)
	at org.junit.internal.runners.model.ReflectiveCallable.run(ReflectiveCallable.java:12)
	at org.junit.runners.model.FrameworkMethod.invokeExplosively(FrameworkMethod.java:56)
	at org.junit.internal.runners.statements.InvokeMethod.evaluate(InvokeMethod.java:17)
	at org.junit.runners.ParentRunner$3.evaluate(ParentRunner.java:306)
	at org.junit.runners.BlockJUnit4ClassRunner$1.evaluate(BlockJUnit4ClassRunner.java:100)
	at org.junit.runners.ParentRunner.runLeaf(ParentRunner.java:366)
	at org.junit.runners.BlockJUnit4ClassRunner.runChild(BlockJUnit4ClassRunner.java:103)
	at org.junit.runners.BlockJUnit4ClassRunner.runChild(BlockJUnit4ClassRunner.java:63)
	at org.junit.runners.ParentRunner$4.run(ParentRunner.java:331)
	at org.junit.runners.ParentRunner$1.schedule(ParentRunner.java:79)
	at org.junit.runners.ParentRunner.runChildren(ParentRunner.java:329)
	at org.junit.runners.ParentRunner.access$100(ParentRunner.java:66)
	at org.junit.runners.ParentRunner$2.evaluate(ParentRunner.java:293)
	at org.junit.runners.ParentRunner$3.evaluate(ParentRunner.java:306)
	at org.junit.runners.ParentRunner.run(ParentRunner.java:413)
	at org.apache.maven.surefire.junit4.JUnit4Provider.execute(JUnit4Provider.java:252)
	at org.apache.maven.surefire.junit4.JUnit4Provider.executeTestSet(JUnit4Provider.java:141)
	at org.apache.maven.surefire.junit4.JUnit4Provider.invoke(JUnit4Provider.java:112)
	at java.base/jdk.internal.reflect.NativeMethodAccessorImpl.invoke0(Native Method)
	at java.base/jdk.internal.reflect.NativeMethodAccessorImpl.invoke(NativeMethodAccessorImpl.java:62)
	at java.base/jdk.internal.reflect.DelegatingMethodAccessorImpl.invoke(DelegatingMethodAccessorImpl.java:43)
	at java.base/java.lang.reflect.Method.invoke(Method.java:566)
	at org.apache.maven.surefire.util.ReflectionUtils.invokeMethodWithArray(ReflectionUtils.java:189)
	at org.apache.maven.surefire.booter.ProviderFactory$ProviderProxy.invoke(ProviderFactory.java:165)
	at org.apache.maven.surefire.booter.ProviderFactory.invokeProvider(ProviderFactory.java:85)
	at org.apache.maven.surefire.booter.ForkedBooter.runSuitesInProcess(ForkedBooter.java:115)
	at org.apache.maven.surefire.booter.ForkedBooter.main(ForkedBooter.java:75)</pre></div></div></td>
<td></td></tr>
<tr class="b">
<td><a href="#com.db.tests.AirportAppTest.testSignUp"><figure><img src="images/icon_error_sml.gif" alt="" /></figure></a></td>
<td><a name="TC_com.db.tests.AirportAppTest.testSignUp"></a><a href="#com.db.tests.AirportAppTest.testSignUp">testSignUp</a>
<div class="detailToggle" style="display:inline"><a href="javascript:toggleDisplay('com.db.tests.AirportAppTest.testSignUp');"><span style="display:inline;" id="com.db.tests.AirportAppTest.testSignUp-off"> + </span><span style="display:none;" id="com.db.tests.AirportAppTest.testSignUp-on"> - </span>[ Detail ]</a></div></td>
<td>0.001</td></tr>
<tr class="a">
<td></td>
<td>Not Yet Implemented </td>
<td></td></tr>
<tr class="b">
<td></td>
<td>
<div id="com.db.tests.AirportAppTest.testSignUp-failure" style="display:none;">
<div>
<pre>java.lang.AssertionError: Not Yet Implemented 
	at org.junit.Assert.fail(Assert.java:89)
	at com.db.tests.AirportAppTest.testSignUp(AirportAppTest.java:142)
	at java.base/jdk.internal.reflect.NativeMethodAccessorImpl.invoke0(Native Method)
	at java.base/jdk.internal.reflect.NativeMethodAccessorImpl.invoke(NativeMethodAccessorImpl.java:62)
	at java.base/jdk.internal.reflect.DelegatingMethodAccessorImpl.invoke(DelegatingMethodAccessorImpl.java:43)
	at java.base/java.lang.reflect.Method.invoke(Method.java:566)
	at org.junit.runners.model.FrameworkMethod$1.runReflectiveCall(FrameworkMethod.java:59)
	at org.junit.internal.runners.model.ReflectiveCallable.run(ReflectiveCallable.java:12)
	at org.junit.runners.model.FrameworkMethod.invokeExplosively(FrameworkMethod.java:56)
	at org.junit.internal.runners.statements.InvokeMethod.evaluate(InvokeMethod.java:17)
	at org.junit.runners.ParentRunner$3.evaluate(ParentRunner.java:306)
	at org.junit.runners.BlockJUnit4ClassRunner$1.evaluate(BlockJUnit4ClassRunner.java:100)
	at org.junit.runners.ParentRunner.runLeaf(ParentRunner.java:366)
	at org.junit.runners.BlockJUnit4ClassRunner.runChild(BlockJUnit4ClassRunner.java:103)
	at org.junit.runners.BlockJUnit4ClassRunner.runChild(BlockJUnit4ClassRunner.java:63)
	at org.junit.runners.ParentRunner$4.run(ParentRunner.java:331)
	at org.junit.runners.ParentRunner$1.schedule(ParentRunner.java:79)
	at org.junit.runners.ParentRunner.runChildren(ParentRunner.java:329)
	at org.junit.runners.ParentRunner.access$100(ParentRunner.java:66)
	at org.junit.runners.ParentRunner$2.evaluate(ParentRunner.java:293)
	at org.junit.runners.ParentRunner$3.evaluate(ParentRunner.java:306)
	at org.junit.runners.ParentRunner.run(ParentRunner.java:413)
	at org.apache.maven.surefire.junit4.JUnit4Provider.execute(JUnit4Provider.java:252)
	at org.apache.maven.surefire.junit4.JUnit4Provider.executeTestSet(JUnit4Provider.java:141)
	at org.apache.maven.surefire.junit4.JUnit4Provider.invoke(JUnit4Provider.java:112)
	at java.base/jdk.internal.reflect.NativeMethodAccessorImpl.invoke0(Native Method)
	at java.base/jdk.internal.reflect.NativeMethodAccessorImpl.invoke(NativeMethodAccessorImpl.java:62)
	at java.base/jdk.internal.reflect.DelegatingMethodAccessorImpl.invoke(DelegatingMethodAccessorImpl.java:43)
	at java.base/java.lang.reflect.Method.invoke(Method.java:566)
	at org.apache.maven.surefire.util.ReflectionUtils.invokeMethodWithArray(ReflectionUtils.java:189)
	at org.apache.maven.surefire.booter.ProviderFactory$ProviderProxy.invoke(ProviderFactory.java:165)
	at org.apache.maven.surefire.booter.ProviderFactory.invokeProvider(ProviderFactory.java:85)
	at org.apache.maven.surefire.booter.ForkedBooter.runSuitesInProcess(ForkedBooter.java:115)
	at org.apache.maven.surefire.booter.ForkedBooter.main(ForkedBooter.java:75)
</pre></div></div></td>
<td></td></tr>
<tr class="a">
<td><figure><img src="images/icon_success_sml.gif" alt="" /></figure></td>
<td><a name="TC_com.db.tests.AirportAppTest.testFindAirportByCodeBadArgument1"></a>testFindAirportByCodeBadArgument1</td>
<td>0.17</td></tr></table></section><section>
<h3><a name="ApplicationTest"></a>ApplicationTest</h3><a name="com.db.tests.ApplicationTest"></a>
<table border="1" class="bodyTable">
<tr class="a">
<td><figure><img src="images/icon_success_sml.gif" alt="" /></figure></td>
<td><a name="TC_com.db.tests.ApplicationTest.testApp"></a>testApp</td>
<td>0</td></tr></table></section><br /></section><section>
<h2><a name="Failure_Details"></a>Failure Details</h2><a name="Failure_Details"></a>
<p>[<a href="#Summary">Summary</a>] [<a href="#Package_List">Package List</a>] [<a href="#Test_Cases">Test Cases</a>]</p><br />
<table border="1" class="bodyTable">
<tr class="a">
<td><figure><img src="images/icon_error_sml.gif" alt="" /></figure></td>
<td><a name="com.db.tests.AirportAppTest.testCountTotalAirports"></a>testCountTotalAirports</td></tr>
<tr class="b">
<td></td>
<td>java.lang.AssertionError: Not Yet Implemented </td></tr>
<tr class="a">
<td></td>
<td>
<div id="testCountTotalAirports-failure">com.db.tests.AirportAppTest:132</div></td></tr>
<tr class="b">
<td><figure><img src="images/icon_error_sml.gif" alt="" /></figure></td>
<td><a name="com.db.tests.AirportAppTest.testFindAirportByLongitudeBadFile"></a>testFindAirportByLongitudeBadFile</td></tr>
<tr class="a">
<td></td>
<td>java.lang.AssertionError: Expected exception: java.lang.NullPointerException</td></tr>
<tr class="b">
<td></td>
<td>
<div id="testFindAirportByLongitudeBadFile-failure">com.db.tests.AirportAppTest:</div></td></tr>
<tr class="a">
<td><figure><img src="images/icon_error_sml.gif" alt="" /></figure></td>
<td><a name="com.db.tests.AirportAppTest.testLogin"></a>testLogin</td></tr>
<tr class="b">
<td></td>
<td>java.lang.AssertionError: Not Yet Implemented </td></tr>
<tr class="a">
<td></td>
<td>
<div id="testLogin-failure">com.db.tests.AirportAppTest:137</div></td></tr>
<tr class="b">
<td><figure><img src="images/icon_error_sml.gif" alt="" /></figure></td>
<td><a name="com.db.tests.AirportAppTest.testHelp"></a>testHelp</td></tr>
<tr class="a">
<td></td>
<td>java.lang.AssertionError: Not Yet Implemented </td></tr>
<tr class="b">
<td></td>
<td>
<div id="testHelp-failure">com.db.tests.AirportAppTest:147</div></td></tr>
<tr class="a">
<td><figure><img src="images/icon_error_sml.gif" alt="" /></figure></td>
<td><a name="com.db.tests.AirportAppTest.testFindAirportByCodeBadFile"></a>testFindAirportByCodeBadFile</td></tr>
<tr class="b">
<td></td>
<td>java.lang.AssertionError: Expected exception: java.lang.NullPointerException</td></tr>
<tr class="a">
<td></td>
<td>
<div id="testFindAirportByCodeBadFile-failure">com.db.tests.AirportAppTest:</div></td></tr>
<tr class="b">
<td><figure><img src="images/icon_error_sml.gif" alt="" /></figure></td>
<td><a name="com.db.tests.AirportAppTest.testFindAirportByLatitudeBadFile"></a>testFindAirportByLatitudeBadFile</td></tr>
<tr class="a">
<td></td>
<td>java.lang.AssertionError: Expected exception: java.lang.NullPointerException</td></tr>
<tr class="b">
<td></td>
<td>
<div id="testFindAirportByLatitudeBadFile-failure">com.db.tests.AirportAppTest:</div></td></tr>
<tr class="a">
<td><figure><img src="images/icon_error_sml.gif" alt="" /></figure></td>
<td><a name="com.db.tests.AirportAppTest.testFindAirportRandomlyBadArgument1"></a>testFindAirportRandomlyBadArgument1</td></tr>
<tr class="b">
<td></td>
<td>java.lang.AssertionError: Expected exception: java.lang.NullPointerException</td></tr>
<tr class="a">
<td></td>
<td>
<div id="testFindAirportRandomlyBadArgument1-failure">com.db.tests.AirportAppTest:</div></td></tr>
<tr class="b">
<td><figure><img src="images/icon_error_sml.gif" alt="" /></figure></td>
<td><a name="com.db.tests.AirportAppTest.testFindAirportByAddress"></a>testFindAirportByAddress</td></tr>
<tr class="a">
<td></td>
<td>java.lang.AssertionError: Not Yet Implemented </td></tr>
<tr class="b">
<td></td>
<td>
<div id="testFindAirportByAddress-failure">com.db.tests.AirportAppTest:127</div></td></tr>
<tr class="a">
<td><figure><img src="images/icon_error_sml.gif" alt="" /></figure></td>
<td><a name="com.db.tests.AirportAppTest.testFindAirportByNameBadFile"></a>testFindAirportByNameBadFile</td></tr>
<tr class="b">
<td></td>
<td>java.lang.AssertionError: Expected exception: java.lang.NullPointerException</td></tr>
<tr class="a">
<td></td>
<td>
<div id="testFindAirportByNameBadFile-failure">com.db.tests.AirportAppTest:</div></td></tr>
<tr class="b">
<td><figure><img src="images/icon_error_sml.gif" alt="" /></figure></td>
<td><a name="com.db.tests.AirportAppTest.testSiteInfo"></a>testSiteInfo</td></tr>
<tr class="a">
<td></td>
<td>java.lang.AssertionError: Not Yet Implemented </td></tr>
<tr class="b">
<td></td>
<td>
<div id="testSiteInfo-failure">com.db.tests.AirportAppTest:152</div></td></tr>
<tr class="a">
<td><figure><img src="images/icon_error_sml.gif" alt="" /></figure></td>
<td><a name="com.db.tests.AirportAppTest.testFindAirportByLongitude"></a>testFindAirportByLongitude</td></tr>
<tr class="b">
<td></td>
<td>java.lang.AssertionError</td></tr>
<tr class="a">
<td></td>
<td>
<div id="testFindAirportByLongitude-failure">com.db.tests.AirportAppTest:83</div></td></tr>
<tr class="b">
<td><figure><img src="images/icon_error_sml.gif" alt="" /></figure></td>
<td><a name="com.db.tests.AirportAppTest.testSignUp"></a>testSignUp</td></tr>
<tr class="a">
<td></td>
<td>java.lang.AssertionError: Not Yet Implemented </td></tr>
<tr class="b">
<td></td>
<td>
<div id="testSignUp-failure">com.db.tests.AirportAppTest:142</div></td></tr></table><br /></section>
      </div>
    </div>
    <div class="clear">
      <hr/>
    </div>
    <div id="footer">
      <div class="xright">
        Copyright &#169;      2021..      </div>
      <div class="clear">
        <hr/>
      </div>
    </div>
  </body>
</html>
